<?xml version="1.0" encoding="UTF-8"?>
<testsuite xmlns:xsi="http://www.w3.org/2001/XMLSchema-instance" xsi:noNamespaceSchemaLocation="https://maven.apache.org/surefire/maven-surefire-plugin/xsd/surefire-test-report-3.0.xsd" version="3.0" name="petstore.UpdatePetTest" time="5.609" tests="3" errors="3" skipped="0" failures="0">
  <properties>
[...]
</properties>
  <testcase name="putIncorrectJson" classname="petstore.UpdatePetTest" time="0.785">
    <error type="io.restassured.internal.http.HttpResponseException"><![CDATA[io.restassured.internal.http.HttpResponseException: Bad Request
	at petstore.UpdatePetTest.putIncorrectJson(UpdatePetTest.java:45)
]]></error>
    <system-out><![CDATA[Request method:	PUT
Request URI:	https://petstore.swagger.io/v2/pet/
Proxy:			<none>
Request params:	<none>
Query params:	<none>
Form params:	<none>
Path params:	<none>
Headers:		api_key=00000
				Accept=*/*
				Content-Type=application/json; charset=UTF-8
Cookies:		<none>
Multiparts:		<none>
Body:
{ "id": IncorrectValue}
]]></system-out>
  </testcase>
  <testcase name="updateFullDataPet" classname="petstore.UpdatePetTest" time="3.171">
    <error type="io.restassured.internal.http.HttpResponseException"><![CDATA[io.restassured.internal.http.HttpResponseException: Not Found
	at petstore.UpdatePetTest.updateFullDataPet(UpdatePetTest.java:31)
]]></error>
    <system-out><![CDATA[Request method:	POST
Request URI:	https://petstore.swagger.io/v2/pet/
Proxy:			<none>
Request params:	<none>
Query params:	<none>
Form params:	<none>
Path params:	<none>
Headers:		api_key=00000
				Accept=*/*
				Content-Type=application/json; charset=UTF-8
Cookies:		<none>
Multiparts:		<none>
Body:
{
    "id": 12396,
    "category": {
        "id": 12899,
        "name": "cXFeghk"
    },
    "name": "aBfHzDH",
    "photoUrls": [
        "WwAgxyG",
        "fQldwCe"
    ],
    "tags": [
        {
            "id": 15004,
            "name": "MpYNeqU"
        },
        {
            "id": 10680,
            "name": "xLSTWiD"
        }
    ],
    "status": "available"
}
Request method:	PUT
Request URI:	https://petstore.swagger.io/v2/pet/
Proxy:			<none>
Request params:	<none>
Query params:	<none>
Form params:	<none>
Path params:	<none>
Headers:		api_key=00000
				Accept=*/*
				Content-Type=application/json; charset=UTF-8
Cookies:		<none>
Multiparts:		<none>
Body:
{
    "id": 12396,
    "category": {
        "id": 12899,
        "name": "cXFeghk"
    },
    "name": "hey",
    "photoUrls": [
        "WwAgxyG",
        "fQldwCe"
    ],
    "tags": [
        {
            "id": 15004,
            "name": "MpYNeqU"
        },
        {
            "id": 10680,
            "name": "xLSTWiD"
        }
    ],
    "status": "available"
}
Request method:	GET
Request URI:	https://petstore.swagger.io/v2/pet/12396
Proxy:			<none>
Request params:	<none>
Query params:	<none>
Form params:	<none>
Path params:	<none>
Headers:		api_key=00000
				Accept=*/*
				Content-Type=application/json; charset=UTF-8
Cookies:		<none>
Multiparts:		<none>
Body:			<none>
Request method:	GET
Request URI:	https://petstore.swagger.io/v2/pet/12396
Proxy:			<none>
Request params:	<none>
Query params:	<none>
Form params:	<none>
Path params:	<none>
Headers:		api_key=00000
				Accept=*/*
				Content-Type=application/json; charset=UTF-8
Cookies:		<none>
Multiparts:		<none>
Body:			<none>
]]></system-out>
  </testcase>
  <testcase name="putNewPet" classname="petstore.UpdatePetTest" time="1.638">
    <error type="io.restassured.internal.http.HttpResponseException"><![CDATA[io.restassured.internal.http.HttpResponseException: Not Found
	at petstore.UpdatePetTest.putNewPet(UpdatePetTest.java:38)
]]></error>
    <system-out><![CDATA[Request method:	PUT
Request URI:	https://petstore.swagger.io/v2/pet/
Proxy:			<none>
Request params:	<none>
Query params:	<none>
Form params:	<none>
Path params:	<none>
Headers:		api_key=00000
				Accept=*/*
				Content-Type=application/json; charset=UTF-8
Cookies:		<none>
Multiparts:		<none>
Body:
{
    "id": 14347,
    "category": {
        "id": 7436,
        "name": "CweBXtp"
    },
    "name": "UFuZZmk",
    "photoUrls": [
        "CPprOht",
        "pZcUVUY"
    ],
    "tags": [
        {
            "id": 28605,
            "name": "HdtJLPW"
        },
        {
            "id": 24829,
            "name": "HxAHHUt"
        }
    ],
    "status": "available"
}
Request method:	GET
Request URI:	https://petstore.swagger.io/v2/pet/14347
Proxy:			<none>
Request params:	<none>
Query params:	<none>
Form params:	<none>
Path params:	<none>
Headers:		api_key=00000
				Accept=*/*
				Content-Type=application/json; charset=UTF-8
Cookies:		<none>
Multiparts:		<none>
Body:			<none>
]]></system-out>
  </testcase>
</testsuite>